#bytes,#repetitions,t[usec],Mbytes/sec
0,1000,0.30,0.00
1,1000,0.32,3.13
2,1000,0.32,6.25
4,1000,0.32,12.53
8,1000,0.32,25.24
16,1000,0.33,49.02
32,1000,0.33,96.18
64,1000,0.36,179.60
128,1000,0.40,320.86
256,1000,0.48,529.89
512,1000,0.73,705.84
1024,1000,0.79,1295.21
2048,1000,0.92,2216.75
4096,1000,1.81,2257.61
8192,1000,2.17,3774.02
16384,1000,2.63,6234.03
32768,1000,3.66,8948.53
65536,640,5.57,11775.98
131072,320,9.88,13265.24
262144,160,17.10,15330.75
524288,80,37.39,14023.80
1048576,40,99.90,10496.47
2097152,20,237.71,8822.28
4194304,10,573.28,7316.33
8388608,5,1709.78,4906.26
16777216,2,4031.93,4161.09
33554432,1,8817.31,3805.52
67108864,1,17804.68,3769.17
134217728,1,35607.83,3769.33
268435456,1,71347.28,3762.38
#bytes,#repetitions,t[usec],Mbytes/sec
0,1000,0.29,0.00
1,1000,0.32,3.17
2,1000,0.32,6.27
4,1000,0.32,12.58
8,1000,0.32,25.24
16,1000,0.33,48.88
32,1000,0.33,97.49
64,1000,0.35,180.84
128,1000,0.39,326.28
256,1000,0.47,549.48
512,1000,0.70,728.73
1024,1000,0.78,1308.79
2048,1000,0.89,2288.45
4096,1000,1.85,2211.11
8192,1000,2.15,3815.36
16384,1000,2.67,6144.99
32768,1000,3.65,8979.66
65536,640,5.73,11437.84
131072,320,9.35,14012.15
262144,160,17.57,14918.32
524288,80,37.65,13926.33
1048576,40,99.13,10577.87
2097152,20,237.47,8831.08
4194304,10,574.16,7305.16
8388608,5,1716.78,4886.24
16777216,2,3983.39,4211.80
33554432,1,8814.34,3806.80
67108864,1,17783.90,3773.57
134217728,1,35610.58,3769.04
268435456,1,71929.22,3731.94
#bytes,#repetitions,t[usec],Mbytes/sec
0,1000,0.28,0.00
1,1000,0.32,3.14
2,1000,0.32,6.22
4,1000,0.32,12.68
8,1000,0.32,25.22
16,1000,0.33,48.98
32,1000,0.33,97.39
64,1000,0.35,181.54
128,1000,0.40,323.12
256,1000,0.46,555.79
512,1000,0.71,721.54
1024,1000,0.80,1283.44
2048,1000,0.91,2239.80
4096,1000,1.78,2300.15
8192,1000,2.13,3848.15
16384,1000,2.70,6063.07
32768,1000,3.65,8979.26
65536,640,5.66,11573.24
131072,320,9.39,13961.24
262144,160,17.00,15417.31
524288,80,37.66,13923.30
1048576,40,99.14,10576.31
2097152,20,237.67,8823.91
4194304,10,574.59,7299.68
8388608,5,1709.94,4905.80
16777216,2,3976.50,4219.09
33554432,1,8785.29,3819.39
67108864,1,17772.08,3776.08
134217728,1,35621.28,3767.91
268435456,1,71322.46,3763.69
#bytes,#repetitions,t[usec],Mbytes/sec
0,1000,0.30,0.00
1,1000,0.31,3.19
2,1000,0.32,6.33
4,1000,0.32,12.60
8,1000,0.31,25.43
16,1000,0.32,49.35
32,1000,0.32,99.07
64,1000,0.35,184.23
128,1000,0.41,313.30
256,1000,0.46,551.92
512,1000,0.71,716.31
1024,1000,0.80,1278.43
2048,1000,0.89,2290.46
4096,1000,1.80,2274.11
8192,1000,2.12,3855.12
16384,1000,2.68,6109.85
32768,1000,3.68,8906.94
65536,640,5.62,11657.05
131072,320,9.41,13927.64
262144,160,17.09,15334.58
524288,80,37.21,14089.97
1048576,40,98.53,10642.10
2097152,20,234.76,8933.23
4194304,10,566.07,7409.54
8388608,5,1716.57,4886.85
16777216,2,3966.66,4229.56
33554432,1,8793.38,3815.87
67108864,1,17743.81,3782.10
134217728,1,35624.89,3767.53
268435456,1,71270.60,3766.43
#bytes,#repetitions,t[usec],Mbytes/sec
0,1000,0.28,0.00
1,1000,0.32,3.10
2,1000,0.32,6.26
4,1000,0.31,12.74
8,1000,0.32,25.25
16,1000,0.32,49.96
32,1000,0.32,99.96
64,1000,0.34,189.87
128,1000,0.39,331.97
256,1000,0.46,554.71
512,1000,0.73,700.40
1024,1000,0.79,1296.09
2048,1000,0.94,2189.77
4096,1000,1.85,2212.58
8192,1000,2.16,3790.95
16384,1000,2.68,6122.46
32768,1000,3.64,9013.03
65536,640,5.70,11497.26
131072,320,9.37,13994.37
262144,160,16.92,15492.21
524288,80,37.02,14163.03
1048576,40,98.20,10677.96
2097152,20,237.41,8833.35
4194304,10,568.85,7373.28
8388608,5,1729.69,4849.77
16777216,2,4068.78,4123.40
33554432,1,8842.97,3794.48
67108864,1,17779.52,3774.50
134217728,1,35602.32,3769.91
268435456,1,71341.71,3762.67
#bytes,#repetitions,t[usec],Mbytes/sec
0,1000,0.29,0.00
1,1000,0.32,3.17
2,1000,0.32,6.33
4,1000,0.32,12.64
8,1000,0.31,25.49
16,1000,0.32,49.27
32,1000,0.33,98.21
64,1000,0.35,181.09
128,1000,0.39,324.98
256,1000,0.47,547.17
512,1000,0.71,719.35
1024,1000,0.77,1330.48
2048,1000,0.92,2231.71
4096,1000,1.79,2286.09
8192,1000,2.19,3737.23
16384,1000,2.64,6205.97
32768,1000,3.62,9046.63
65536,640,5.54,11837.54
131072,320,9.87,13275.16
262144,160,17.18,15262.33
524288,80,37.53,13970.74
1048576,40,98.12,10686.73
2097152,20,239.51,8755.95
4194304,10,567.07,7396.49
8388608,5,1700.47,4933.10
16777216,2,4002.59,4191.59
33554432,1,8801.31,3812.44
67108864,1,17793.16,3771.61
134217728,1,35656.42,3764.20
268435456,1,71670.72,3745.40
#bytes,#repetitions,t[usec],Mbytes/sec
0,1000,0.29,0.00
1,1000,0.32,3.17
2,1000,0.32,6.31
4,1000,0.32,12.55
8,1000,0.31,25.44
16,1000,0.33,49.04
32,1000,0.33,97.23
64,1000,0.35,182.35
128,1000,0.40,322.35
256,1000,0.45,571.35
512,1000,0.71,723.79
1024,1000,0.81,1271.07
2048,1000,0.91,2241.84
4096,1000,1.82,2248.30
8192,1000,2.26,3622.11
16384,1000,2.69,6092.00
32768,1000,3.76,8719.20
65536,640,5.55,11800.85
131072,320,9.41,13929.52
262144,160,17.06,15362.92
524288,80,37.53,13969.87
1048576,40,99.42,10546.85
2097152,20,237.34,8835.94
4194304,10,568.85,7373.31
8388608,5,1717.59,4883.93
16777216,2,4036.99,4155.88
33554432,1,8805.57,3810.59
67108864,1,17770.08,3776.51
134217728,1,35589.35,3771.29
268435456,1,71223.25,3768.93
#bytes,#repetitions,t[usec],Mbytes/sec
0,1000,0.29,0.00
1,1000,0.31,3.18
2,1000,0.32,6.28
4,1000,0.32,12.63
8,1000,0.32,25.35
16,1000,0.32,49.71
32,1000,0.32,98.90
64,1000,0.34,187.23
128,1000,0.38,334.66
256,1000,0.46,554.58
512,1000,0.70,726.39
1024,1000,0.81,1262.09
2048,1000,0.92,2217.93
4096,1000,1.83,2242.27
8192,1000,2.14,3829.81
16384,1000,2.70,6078.98
32768,1000,3.66,8954.59
65536,640,5.59,11722.61
131072,320,9.39,13963.45
262144,160,17.06,15364.41
524288,80,37.61,13941.09
1048576,40,99.88,10498.35
2097152,20,239.35,8762.00
4194304,10,571.63,7337.44
8388608,5,1707.01,4914.22
16777216,2,4013.26,4180.45
33554432,1,8808.22,3809.44
67108864,1,17750.45,3780.69
134217728,1,35614.37,3768.64
268435456,1,71259.34,3767.02
#bytes,#repetitions,t[usec],Mbytes/sec
0,1000,0.30,0.00
1,1000,0.32,3.14
2,1000,0.32,6.25
4,1000,0.32,12.51
8,1000,0.32,25.16
16,1000,0.33,48.53
32,1000,0.33,96.38
64,1000,0.36,179.81
128,1000,0.40,320.45
256,1000,0.47,548.60
512,1000,0.71,725.86
1024,1000,0.81,1267.33
2048,1000,0.92,2223.10
4096,1000,1.86,2196.72
8192,1000,2.18,3752.45
16384,1000,2.74,5968.71
32768,1000,3.71,8844.01
65536,640,5.59,11732.17
131072,320,9.32,14056.87
262144,160,17.18,15259.38
524288,80,37.73,13894.39
1048576,40,98.53,10642.17
2097152,20,236.61,8863.32
4194304,10,568.06,7383.61
8388608,5,1717.92,4882.99
16777216,2,4023.88,4169.41
33554432,1,8793.34,3815.89
67108864,1,17749.76,3780.83
134217728,1,35567.56,3773.60
268435456,1,71224.10,3768.88
#bytes,#repetitions,t[usec],Mbytes/sec
0,1000,0.28,0.00
1,1000,0.32,3.14
2,1000,0.32,6.27
4,1000,0.31,12.72
8,1000,0.32,25.14
16,1000,0.32,49.70
32,1000,0.33,97.10
64,1000,0.35,184.93
128,1000,0.39,325.58
256,1000,0.46,557.60
512,1000,0.72,706.30
1024,1000,0.79,1297.43
2048,1000,0.93,2199.89
4096,1000,1.79,2282.45
8192,1000,2.16,3784.47
16384,1000,2.65,6184.50
32768,1000,3.76,8704.74
65536,640,5.57,11773.23
131072,320,9.51,13787.81
262144,160,17.04,15385.98
524288,80,37.30,14056.69
1048576,40,99.19,10570.99
2097152,20,237.03,8847.55
4194304,10,585.94,7158.27
8388608,5,1705.27,4919.23
16777216,2,4038.80,4154.01
33554432,1,8793.30,3815.91
67108864,1,17785.30,3773.28
134217728,1,35584.43,3771.81
268435456,1,71285.61,3765.63
#bytes,#repetitions,t[usec],Mbytes/sec
0,1000,0.30,0.00
1,1000,0.32,3.17
2,1000,0.31,6.43
4,1000,0.31,12.73
8,1000,0.31,25.53
16,1000,0.32,49.78
32,1000,0.32,99.19
64,1000,0.35,183.42
128,1000,0.40,317.19
256,1000,0.46,552.71
512,1000,0.71,723.74
1024,1000,0.78,1319.06
2048,1000,0.91,2241.88
4096,1000,1.91,2141.89
8192,1000,2.13,3854.21
16384,1000,2.66,6166.43
32768,1000,3.64,8996.68
65536,640,5.50,11907.85
131072,320,9.35,14019.23
262144,160,17.12,15314.16
524288,80,37.64,13929.40
1048576,40,99.05,10586.06
2097152,20,239.40,8760.12
4194304,10,572.70,7323.74
8388608,5,1704.72,4920.82
16777216,2,4032.30,4160.71
33554432,1,8800.49,3812.79
67108864,1,17750.10,3780.76
134217728,1,35609.40,3769.17
268435456,1,71300.60,3764.84
#bytes,#repetitions,t[usec],Mbytes/sec
0,1000,0.28,0.00
1,1000,0.31,3.22
2,1000,0.31,6.43
4,1000,0.31,12.72
8,1000,0.31,25.74
16,1000,0.32,49.95
32,1000,0.32,100.09
64,1000,0.34,186.74
128,1000,0.40,320.95
256,1000,0.46,552.80
512,1000,0.71,725.06
1024,1000,0.79,1300.73
2048,1000,0.91,2248.90
4096,1000,1.78,2299.61
8192,1000,2.18,3764.70
16384,1000,2.62,6259.21
32768,1000,3.62,9056.39
65536,640,5.45,12023.72
131072,320,9.42,13918.55
262144,160,17.22,15219.89
524288,80,37.15,14112.71
1048576,40,98.21,10677.19
2097152,20,239.68,8749.71
4194304,10,573.45,7314.19
8388608,5,1700.22,4933.83
16777216,2,4057.69,4134.67
33554432,1,8818.85,3804.85
67108864,1,17798.81,3770.41
134217728,1,35676.69,3762.06
268435456,1,71419.09,3758.60
#bytes,#repetitions,t[usec],Mbytes/sec
0,1000,0.29,0.00
1,1000,0.32,3.14
2,1000,0.32,6.25
4,1000,0.32,12.65
8,1000,0.32,25.14
16,1000,0.33,48.83
32,1000,0.33,96.18
64,1000,0.35,183.01
128,1000,0.41,311.72
256,1000,0.49,527.58
512,1000,0.72,706.75
1024,1000,0.81,1257.44
2048,1000,0.90,2277.12
4096,1000,1.89,2172.83
8192,1000,2.19,3732.95
16384,1000,2.75,5967.32
32768,1000,3.74,8766.51
65536,640,5.75,11400.48
131072,320,9.31,14072.15
262144,160,17.12,15311.41
524288,80,37.06,14146.49
1048576,40,98.67,10626.67
2097152,20,236.75,8858.18
4194304,10,572.74,7323.22
8388608,5,1704.55,4921.30
16777216,2,3956.94,4239.94
33554432,1,8803.14,3811.65
67108864,1,17773.98,3775.68
134217728,1,35611.97,3768.89
268435456,1,71390.68,3760.09
#bytes,#repetitions,t[usec],Mbytes/sec
0,1000,0.28,0.00
1,1000,0.31,3.26
2,1000,0.31,6.44
4,1000,0.31,12.94
8,1000,0.31,26.05
16,1000,0.32,50.27
32,1000,0.32,99.42
64,1000,0.34,189.32
128,1000,0.39,324.80
256,1000,0.46,559.04
512,1000,0.70,731.35
1024,1000,0.78,1316.17
2048,1000,0.92,2220.96
4096,1000,1.82,2256.05
8192,1000,2.21,3705.07
16384,1000,2.67,6145.52
32768,1000,3.85,8519.10
65536,640,5.71,11473.51
131072,320,9.64,13596.91
262144,160,17.06,15364.59
524288,80,37.21,14089.96
1048576,40,98.01,10698.51
2097152,20,238.84,8780.70
4194304,10,575.54,7287.57
8388608,5,1717.57,4883.99
16777216,2,4000.74,4193.53
33554432,1,8798.66,3813.59
67108864,1,17746.90,3781.44
134217728,1,35657.05,3764.13
268435456,1,71404.88,3759.34
#bytes,#repetitions,t[usec],Mbytes/sec
0,1000,0.29,0.00
1,1000,0.32,3.11
2,1000,0.31,6.39
4,1000,0.31,12.80
8,1000,0.32,25.33
16,1000,0.32,49.97
32,1000,0.33,98.34
64,1000,0.35,183.12
128,1000,0.40,321.57
256,1000,0.47,541.12
512,1000,0.74,690.68
1024,1000,0.79,1291.54
2048,1000,0.90,2281.16
4096,1000,1.81,2259.84
8192,1000,2.19,3745.27
16384,1000,2.66,6165.62
32768,1000,3.66,8945.31
65536,640,5.49,11930.19
131072,320,9.42,13918.60
262144,160,16.96,15455.95
524288,80,37.16,14110.54
1048576,40,97.83,10718.23
2097152,20,238.51,8792.66
4194304,10,574.12,7305.65
8388608,5,1705.48,4918.63
16777216,2,4084.46,4107.57
33554432,1,8813.54,3807.15
67108864,1,17784.37,3773.47
134217728,1,35638.26,3766.11
268435456,1,71429.07,3758.07
#bytes,#repetitions,t[usec],Mbytes/sec
0,1000,0.29,0.00
1,1000,0.32,3.14
2,1000,0.31,6.37
4,1000,0.32,12.63
8,1000,0.32,25.02
16,1000,0.32,49.57
32,1000,0.33,98.15
64,1000,0.35,183.75
128,1000,0.40,316.53
256,1000,0.47,548.42
512,1000,0.72,715.15
1024,1000,0.80,1282.27
2048,1000,0.91,2241.77
4096,1000,1.89,2163.37
8192,1000,2.16,3786.73
16384,1000,2.67,6126.61
32768,1000,3.66,8953.23
65536,640,5.49,11942.34
131072,320,9.15,14325.19
262144,160,16.99,15428.98
524288,80,37.06,14148.72
1048576,40,98.84,10608.56
2097152,20,238.90,8778.28
4194304,10,574.92,7295.49
8388608,5,1697.83,4940.79
16777216,2,4019.71,4173.74
33554432,1,8807.32,3809.84
67108864,1,17816.89,3766.59
134217728,1,35604.93,3769.64
268435456,1,71735.38,3742.02
#bytes,#repetitions,t[usec],Mbytes/sec
0,1000,0.29,0.00
1,1000,0.31,3.20
2,1000,0.32,6.33
4,1000,0.31,12.70
8,1000,0.31,25.49
16,1000,0.32,49.46
32,1000,0.32,98.93
64,1000,0.35,182.53
128,1000,0.41,313.13
256,1000,0.46,555.20
512,1000,0.75,685.78
1024,1000,0.80,1274.51
2048,1000,0.93,2213.94
4096,1000,1.85,2213.23
8192,1000,2.17,3778.00
16384,1000,2.70,6074.98
32768,1000,3.63,9037.08
65536,640,5.61,11676.43
131072,320,9.41,13929.71
262144,160,17.11,15323.27
524288,80,37.03,14157.73
1048576,40,98.76,10617.05
2097152,20,238.39,8797.02
4194304,10,572.12,7331.14
8388608,5,1711.82,4900.41
16777216,2,3981.83,4213.44
33554432,1,8791.08,3816.87
67108864,1,17799.94,3770.17
134217728,1,35571.24,3773.21
268435456,1,71264.57,3766.74
#bytes,#repetitions,t[usec],Mbytes/sec
0,1000,0.29,0.00
1,1000,0.31,3.22
2,1000,0.31,6.40
4,1000,0.31,12.83
8,1000,0.31,25.77
16,1000,0.32,50.03
32,1000,0.32,99.58
64,1000,0.34,186.85
128,1000,0.40,322.06
256,1000,0.47,539.36
512,1000,0.70,727.08
1024,1000,0.79,1293.18
2048,1000,0.91,2239.17
4096,1000,1.92,2137.74
8192,1000,2.16,3794.44
16384,1000,2.75,5952.08
32768,1000,3.53,9279.44
65536,640,5.76,11385.06
131072,320,9.13,14353.51
262144,160,17.05,15374.94
524288,80,37.15,14113.91
1048576,40,99.90,10496.37
2097152,20,236.48,8868.37
4194304,10,564.22,7433.81
8388608,5,1703.02,4925.74
16777216,2,4007.94,4185.99
33554432,1,8810.62,3808.41
67108864,1,17758.81,3778.91
134217728,1,35642.29,3765.69
268435456,1,71491.63,3754.78
#bytes,#repetitions,t[usec],Mbytes/sec
0,1000,0.28,0.00
1,1000,0.33,3.06
2,1000,0.32,6.31
4,1000,0.32,12.54
8,1000,0.32,24.91
16,1000,0.33,48.67
32,1000,0.33,96.31
64,1000,0.35,182.48
128,1000,0.41,315.82
256,1000,0.48,536.93
512,1000,0.69,738.04
1024,1000,0.78,1317.94
2048,1000,0.90,2273.64
4096,1000,1.87,2195.80
8192,1000,2.18,3750.89
16384,1000,2.70,6070.21
32768,1000,3.74,8769.17
65536,640,5.76,11377.05
131072,320,9.27,14135.14
262144,160,17.40,15069.33
524288,80,38.15,13741.20
1048576,40,98.61,10634.02
2097152,20,238.35,8798.69
4194304,10,567.35,7392.74
8388608,5,1729.71,4849.72
16777216,2,4002.03,4192.18
33554432,1,8795.57,3814.92
67108864,1,17789.03,3772.48
134217728,1,35661.06,3763.71
268435456,1,71337.91,3762.87
#bytes,#repetitions,t[usec],Mbytes/sec
0,1000,0.28,0.00
1,1000,0.32,3.12
2,1000,0.31,6.38
4,1000,0.31,12.87
8,1000,0.31,25.50
16,1000,0.32,50.39
32,1000,0.32,100.22
64,1000,0.35,185.09
128,1000,0.40,322.80
256,1000,0.46,560.09
512,1000,0.72,711.96
1024,1000,0.80,1277.04
2048,1000,0.93,2192.68
4096,1000,1.86,2206.61
8192,1000,2.13,3841.65
16384,1000,2.74,5975.03
32768,1000,3.64,9000.39
65536,640,5.61,11671.87
131072,320,9.16,14309.66
262144,160,17.01,15411.34
524288,80,37.57,13955.49
1048576,40,98.62,10632.78
2097152,20,237.83,8817.80
4194304,10,578.21,7254.00
8388608,5,1712.39,4898.76
16777216,2,4026.61,4166.59
33554432,1,8835.45,3797.71
67108864,1,17777.63,3774.90
134217728,1,35621.30,3767.91
268435456,1,71358.73,3761.77
