#bytes,#repetitions,t[usec],Mbytes/sec
0,1000,0.61,0.00
1,1000,0.63,1.58
2,1000,0.64,3.14
4,1000,0.64,6.29
8,1000,0.64,12.56
16,1000,0.72,22.32
32,1000,0.74,43.07
64,1000,0.86,74.49
128,1000,0.95,134.83
256,1000,1.14,224.38
512,1000,1.36,377.70
1024,1000,1.57,650.57
2048,1000,1.94,1053.13
4096,1000,3.11,1317.28
8192,1000,3.46,2364.96
16384,1000,3.81,4296.15
32768,1000,5.18,6324.19
65536,640,6.76,9700.19
131072,320,10.77,12164.57
262144,160,18.28,14341.38
524288,80,38.72,13541.98
1048576,40,100.63,10419.69
2097152,20,244.40,8580.65
4194304,10,499.96,8389.24
8388608,5,1269.14,6609.67
16777216,2,4164.67,4028.46
33554432,1,10702.12,3135.31
67108864,1,21677.63,3095.77
134217728,1,43471.22,3087.51
268435456,1,87027.26,3084.50
#bytes,#repetitions,t[usec],Mbytes/sec
0,1000,0.60,0.00
1,1000,0.63,1.58
2,1000,0.63,3.19
4,1000,0.63,6.34
8,1000,0.63,12.68
16,1000,0.74,21.65
32,1000,0.75,42.93
64,1000,0.85,75.06
128,1000,0.93,137.38
256,1000,1.01,252.92
512,1000,1.37,373.54
1024,1000,1.62,632.27
2048,1000,1.86,1101.92
4096,1000,3.13,1309.64
8192,1000,3.46,2366.26
16384,1000,3.91,4192.29
32768,1000,5.06,6473.83
65536,640,7.01,9353.18
131072,320,10.37,12638.21
262144,160,18.24,14373.05
524288,80,38.57,13594.34
1048576,40,102.74,10205.81
2097152,20,244.09,8591.69
4194304,10,500.59,8378.66
8388608,5,1251.50,6702.86
16777216,2,4175.48,4018.03
33554432,1,10686.61,3139.86
67108864,1,21686.65,3094.48
134217728,1,43476.47,3087.14
268435456,1,87054.29,3083.54
#bytes,#repetitions,t[usec],Mbytes/sec
0,1000,0.60,0.00
1,1000,0.63,1.58
2,1000,0.63,3.16
4,1000,0.63,6.33
8,1000,0.63,12.76
16,1000,0.73,21.91
32,1000,0.75,42.83
64,1000,0.85,75.08
128,1000,0.99,128.79
256,1000,1.10,233.00
512,1000,1.35,379.57
1024,1000,1.68,609.77
2048,1000,1.91,1070.05
4096,1000,3.16,1296.17
8192,1000,3.48,2354.52
16384,1000,3.90,4203.07
32768,1000,5.09,6442.68
65536,640,7.22,9078.44
131072,320,11.01,11905.49
262144,160,18.20,14399.73
524288,80,38.97,13452.17
1048576,40,104.11,10072.08
2097152,20,244.27,8585.27
4194304,10,499.76,8392.69
8388608,5,1267.91,6616.07
16777216,2,4193.67,4000.61
33554432,1,10693.69,3137.78
67108864,1,21735.44,3087.53
134217728,1,43463.51,3088.06
268435456,1,87019.84,3084.76
#bytes,#repetitions,t[usec],Mbytes/sec
0,1000,0.61,0.00
1,1000,0.64,1.55
2,1000,0.64,3.11
4,1000,0.64,6.23
8,1000,0.65,12.37
16,1000,0.73,21.79
32,1000,0.75,42.77
64,1000,0.86,74.64
128,1000,1.01,127.14
256,1000,1.11,229.87
512,1000,1.35,380.64
1024,1000,1.70,603.04
2048,1000,1.79,1146.40
4096,1000,3.06,1340.54
8192,1000,3.52,2326.54
16384,1000,4.18,3917.28
32768,1000,5.07,6467.14
65536,640,7.01,9346.32
131072,320,10.41,12596.65
262144,160,18.75,13984.33
524288,80,38.28,13696.04
1048576,40,100.45,10438.62
2097152,20,244.40,8580.94
4194304,10,499.83,8391.38
8388608,5,1257.34,6671.71
16777216,2,4195.78,3998.59
33554432,1,10715.44,3131.41
67108864,1,21709.25,3091.26
134217728,1,43836.38,3061.79
268435456,1,87047.36,3083.79
#bytes,#repetitions,t[usec],Mbytes/sec
0,1000,0.60,0.00
1,1000,0.64,1.56
2,1000,0.64,3.15
4,1000,0.64,6.27
8,1000,0.64,12.57
16,1000,0.74,21.61
32,1000,0.76,42.04
64,1000,0.85,75.27
128,1000,1.04,122.90
256,1000,1.13,227.02
512,1000,1.39,369.31
1024,1000,1.63,627.32
2048,1000,1.92,1067.05
4096,1000,2.89,1417.80
8192,1000,3.46,2365.39
16384,1000,3.74,4375.79
32768,1000,5.31,6175.34
65536,640,6.62,9906.85
131072,320,10.50,12484.23
262144,160,18.30,14327.10
524288,80,38.90,13477.43
1048576,40,102.80,10200.40
2097152,20,244.28,8585.05
4194304,10,498.67,8410.93
8388608,5,1276.22,6572.99
16777216,2,4211.98,3983.22
33554432,1,10713.05,3132.11
67108864,1,21712.08,3090.85
134217728,1,43481.17,3086.80
268435456,1,87001.29,3085.42
#bytes,#repetitions,t[usec],Mbytes/sec
0,1000,0.60,0.00
1,1000,0.64,1.57
2,1000,0.63,3.17
4,1000,0.64,6.27
8,1000,0.63,12.68
16,1000,0.72,22.13
32,1000,0.75,42.55
64,1000,0.84,76.25
128,1000,1.05,122.41
256,1000,1.16,221.35
512,1000,1.41,362.77
1024,1000,1.72,594.76
2048,1000,1.93,1062.65
4096,1000,3.19,1282.74
8192,1000,3.59,2280.49
16384,1000,4.04,4052.02
32768,1000,5.24,6248.37
65536,640,7.05,9299.89
131072,320,10.70,12247.41
262144,160,18.41,14241.98
524288,80,38.23,13712.89
1048576,40,101.12,10369.80
2097152,20,244.40,8580.68
4194304,10,502.38,8348.92
8388608,5,1270.87,6600.70
16777216,2,4190.23,4003.89
33554432,1,10696.03,3137.09
67108864,1,21695.15,3093.27
134217728,1,43500.01,3085.46
268435456,1,87062.27,3083.26
#bytes,#repetitions,t[usec],Mbytes/sec
0,1000,0.61,0.00
1,1000,0.63,1.58
2,1000,0.63,3.16
4,1000,0.64,6.29
8,1000,0.64,12.56
16,1000,0.73,21.87
32,1000,0.76,42.01
64,1000,0.85,75.30
128,1000,1.00,128.24
256,1000,1.13,226.96
512,1000,1.39,368.64
1024,1000,1.51,679.82
2048,1000,1.80,1136.32
4096,1000,3.03,1352.34
8192,1000,3.54,2316.56
16384,1000,4.00,4100.66
32768,1000,5.17,6338.70
65536,640,7.07,9264.61
131072,320,10.91,12010.73
262144,160,18.40,14249.45
524288,80,39.00,13442.45
1048576,40,101.13,10368.91
2097152,20,243.61,8608.59
4194304,10,501.11,8370.09
8388608,5,1265.73,6627.48
16777216,2,4177.09,4016.48
33554432,1,10751.21,3120.99
67108864,1,21688.09,3094.27
134217728,1,43541.86,3082.50
268435456,1,86996.69,3085.58
#bytes,#repetitions,t[usec],Mbytes/sec
0,1000,0.62,0.00
1,1000,0.64,1.57
2,1000,0.64,3.13
4,1000,0.64,6.26
8,1000,0.64,12.48
16,1000,0.73,21.84
32,1000,0.74,43.48
64,1000,0.85,75.57
128,1000,1.00,128.41
256,1000,1.12,228.01
512,1000,1.41,362.82
1024,1000,1.75,586.68
2048,1000,1.89,1084.25
4096,1000,3.42,1196.06
8192,1000,3.71,2205.95
16384,1000,4.37,3752.19
32768,1000,4.90,6688.71
65536,640,7.21,9087.29
131072,320,10.63,12330.14
262144,160,18.27,14347.73
524288,80,38.34,13673.84
1048576,40,101.28,10353.51
2097152,20,243.73,8604.27
4194304,10,499.57,8395.84
8388608,5,1272.41,6592.68
16777216,2,4133.64,4058.70
33554432,1,10762.16,3117.82
67108864,1,21719.79,3089.76
134217728,1,43469.67,3087.62
268435456,1,87008.37,3085.17
#bytes,#repetitions,t[usec],Mbytes/sec
0,1000,0.60,0.00
1,1000,0.63,1.59
2,1000,0.63,3.17
4,1000,0.63,6.38
8,1000,0.63,12.70
16,1000,0.73,21.91
32,1000,0.75,42.53
64,1000,0.85,75.53
128,1000,1.01,126.75
256,1000,1.04,246.54
512,1000,1.37,373.25
1024,1000,1.53,668.36
2048,1000,1.81,1128.95
4096,1000,3.16,1296.34
8192,1000,3.57,2296.68
16384,1000,4.07,4025.58
32768,1000,5.25,6238.95
65536,640,7.26,9028.08
131072,320,10.78,12158.87
262144,160,18.45,14208.53
524288,80,38.90,13478.45
1048576,40,101.56,10325.02
2097152,20,243.59,8609.19
4194304,10,499.51,8396.90
8388608,5,1257.36,6671.61
16777216,2,4202.17,3992.51
33554432,1,10699.92,3135.95
67108864,1,21650.42,3099.66
134217728,1,43393.55,3093.03
268435456,1,86984.85,3086.00
#bytes,#repetitions,t[usec],Mbytes/sec
0,1000,0.59,0.00
1,1000,0.62,1.61
2,1000,0.63,3.20
4,1000,0.62,6.44
8,1000,0.62,12.87
16,1000,0.70,22.75
32,1000,0.75,42.76
64,1000,0.84,76.52
128,1000,1.02,125.40
256,1000,1.14,224.65
512,1000,1.37,374.63
1024,1000,1.58,649.05
2048,1000,1.84,1115.42
4096,1000,3.17,1293.76
8192,1000,3.52,2327.98
16384,1000,3.83,4273.40
32768,1000,4.89,6694.33
65536,640,7.05,9292.64
131072,320,10.58,12393.69
262144,160,18.36,14276.24
524288,80,38.87,13488.63
1048576,40,102.14,10265.59
2097152,20,244.99,8560.27
4194304,10,499.72,8393.34
8388608,5,1276.80,6570.04
16777216,2,4231.20,3965.12
33554432,1,10762.97,3117.58
67108864,1,21842.39,3072.41
134217728,1,43724.49,3069.62
268435456,1,87561.03,3065.70
#bytes,#repetitions,t[usec],Mbytes/sec
0,1000,0.60,0.00
1,1000,0.64,1.57
2,1000,0.63,3.17
4,1000,0.63,6.35
8,1000,0.63,12.64
16,1000,0.74,21.73
32,1000,0.77,41.51
64,1000,0.86,74.57
128,1000,1.03,124.11
256,1000,1.10,231.78
512,1000,1.37,374.86
1024,1000,1.57,651.98
2048,1000,1.90,1075.56
4096,1000,2.91,1405.64
8192,1000,3.66,2240.82
16384,1000,3.84,4270.91
32768,1000,5.18,6320.94
65536,640,6.80,9644.24
131072,320,10.43,12564.87
262144,160,18.38,14262.40
524288,80,38.89,13482.65
1048576,40,101.05,10376.43
2097152,20,244.04,8593.37
4194304,10,499.67,8394.17
8388608,5,1267.47,6618.37
16777216,2,4214.96,3980.39
33554432,1,10714.49,3131.69
67108864,1,21690.44,3093.94
134217728,1,43479.54,3086.92
268435456,1,87032.90,3084.30
#bytes,#repetitions,t[usec],Mbytes/sec
0,1000,0.60,0.00
1,1000,0.63,1.59
2,1000,0.63,3.20
4,1000,0.63,6.36
8,1000,0.63,12.76
16,1000,0.73,22.04
32,1000,0.74,43.27
64,1000,0.85,75.56
128,1000,0.98,130.70
256,1000,1.11,230.31
512,1000,1.36,375.95
1024,1000,1.54,664.33
2048,1000,1.87,1097.93
4096,1000,2.88,1422.60
8192,1000,3.46,2366.50
16384,1000,3.85,4252.93
32768,1000,5.05,6494.16
65536,640,6.79,9649.89
131072,320,10.74,12203.14
262144,160,18.19,14410.37
524288,80,39.05,13426.36
1048576,40,102.06,10274.05
2097152,20,243.48,8613.07
4194304,10,498.72,8410.16
8388608,5,1260.54,6654.75
16777216,2,4134.85,4057.52
33554432,1,10700.00,3135.93
67108864,1,21674.10,3096.27
134217728,1,43498.82,3085.55
268435456,1,87102.28,3081.84
#bytes,#repetitions,t[usec],Mbytes/sec
0,1000,0.60,0.00
1,1000,0.64,1.57
2,1000,0.62,3.22
4,1000,0.62,6.45
8,1000,0.63,12.80
16,1000,0.73,21.88
32,1000,0.76,42.30
64,1000,0.84,76.33
128,1000,1.03,124.10
256,1000,1.06,241.89
512,1000,1.39,368.62
1024,1000,1.76,581.64
2048,1000,1.97,1041.57
4096,1000,3.42,1196.96
8192,1000,3.67,2233.82
16384,1000,4.01,4083.81
32768,1000,4.73,6923.64
65536,640,7.24,9046.66
131072,320,10.36,12655.08
262144,160,18.20,14404.13
524288,80,39.33,13331.04
1048576,40,102.50,10230.12
2097152,20,244.04,8593.64
4194304,10,499.33,8399.83
8388608,5,1254.54,6686.59
16777216,2,4414.52,3800.46
33554432,1,10707.83,3133.64
67108864,1,21717.58,3090.07
134217728,1,43478.89,3086.96
268435456,1,87023.75,3084.62
#bytes,#repetitions,t[usec],Mbytes/sec
0,1000,0.60,0.00
1,1000,0.63,1.58
2,1000,0.64,3.15
4,1000,0.64,6.28
8,1000,0.63,12.72
16,1000,0.73,21.93
32,1000,0.74,43.08
64,1000,0.84,75.78
128,1000,1.00,128.57
256,1000,1.14,224.73
512,1000,1.35,380.23
1024,1000,1.61,637.45
2048,1000,1.80,1140.72
4096,1000,3.02,1354.54
8192,1000,3.43,2391.57
16384,1000,3.95,4145.14
32768,1000,4.89,6697.86
65536,640,6.91,9485.62
131072,320,10.38,12624.33
262144,160,18.30,14322.32
524288,80,38.94,13463.81
1048576,40,101.24,10357.45
2097152,20,244.72,8569.70
4194304,10,498.26,8417.83
8388608,5,1266.91,6621.34
16777216,2,4133.62,4058.72
33554432,1,10686.21,3139.98
67108864,1,21665.56,3097.49
134217728,1,43483.37,3086.65
268435456,1,87060.62,3083.32
#bytes,#repetitions,t[usec],Mbytes/sec
0,1000,0.60,0.00
1,1000,0.63,1.58
2,1000,0.63,3.18
4,1000,0.63,6.31
8,1000,0.63,12.70
16,1000,0.72,22.08
32,1000,0.75,42.86
64,1000,0.85,75.15
128,1000,1.03,123.87
256,1000,1.10,232.04
512,1000,1.39,369.43
1024,1000,1.68,609.79
2048,1000,1.91,1073.78
4096,1000,3.35,1221.14
8192,1000,3.47,2359.23
16384,1000,4.16,3939.11
32768,1000,4.92,6658.61
65536,640,7.13,9194.88
131072,320,10.63,12334.67
262144,160,18.24,14370.10
524288,80,38.75,13529.72
1048576,40,102.06,10273.83
2097152,20,243.76,8603.28
4194304,10,498.98,8405.76
8388608,5,1272.02,6594.73
16777216,2,4176.86,4016.71
33554432,1,10739.42,3124.42
67108864,1,21708.74,3091.33
134217728,1,43499.58,3085.49
268435456,1,87053.92,3083.55
#bytes,#repetitions,t[usec],Mbytes/sec
0,1000,0.61,0.00
1,1000,0.64,1.55
2,1000,0.64,3.12
4,1000,0.64,6.23
8,1000,0.64,12.45
16,1000,0.72,22.27
32,1000,0.73,43.88
64,1000,0.86,74.61
128,1000,0.97,132.15
256,1000,1.15,222.10
512,1000,1.39,367.58
1024,1000,1.61,634.62
2048,1000,1.81,1129.62
4096,1000,2.89,1416.43
8192,1000,3.73,2194.35
16384,1000,3.85,4254.78
32768,1000,5.33,6144.27
65536,640,6.74,9724.39
131072,320,10.41,12589.51
262144,160,18.39,14252.44
524288,80,39.50,13273.69
1048576,40,101.87,10293.37
2097152,20,243.37,8617.00
4194304,10,502.16,8352.55
8388608,5,1282.87,6538.94
16777216,2,4115.08,4077.01
33554432,1,10687.95,3139.46
67108864,1,21707.20,3091.55
134217728,1,43481.78,3086.76
268435456,1,86951.82,3087.17
#bytes,#repetitions,t[usec],Mbytes/sec
0,1000,0.60,0.00
1,1000,0.62,1.60
2,1000,0.63,3.17
4,1000,0.63,6.38
8,1000,0.62,12.82
16,1000,0.72,22.21
32,1000,0.73,43.80
64,1000,0.83,76.91
128,1000,1.02,124.99
256,1000,1.04,245.89
512,1000,1.37,373.28
1024,1000,1.75,584.38
2048,1000,1.86,1100.54
4096,1000,3.29,1246.18
8192,1000,3.57,2296.28
16384,1000,4.02,4077.72
32768,1000,5.12,6404.92
65536,640,6.95,9428.13
131072,320,10.54,12439.57
262144,160,18.32,14309.13
524288,80,39.39,13310.29
1048576,40,101.55,10326.15
2097152,20,243.76,8603.37
4194304,10,501.17,8369.01
8388608,5,1276.36,6572.30
16777216,2,4220.23,3975.43
33554432,1,10667.61,3145.45
67108864,1,21724.38,3089.10
134217728,1,43424.79,3090.81
268435456,1,86989.92,3085.82
#bytes,#repetitions,t[usec],Mbytes/sec
0,1000,0.60,0.00
1,1000,0.64,1.56
2,1000,0.64,3.15
4,1000,0.63,6.32
8,1000,0.65,12.39
16,1000,0.73,21.85
32,1000,0.73,44.10
64,1000,0.83,76.67
128,1000,0.96,133.02
256,1000,1.13,226.54
512,1000,1.35,378.56
1024,1000,1.65,621.75
2048,1000,1.86,1100.67
4096,1000,2.91,1406.94
8192,1000,3.57,2296.10
16384,1000,3.79,4317.85
32768,1000,5.18,6321.37
65536,640,6.61,9909.54
131072,320,10.39,12613.45
262144,160,18.26,14355.90
524288,80,38.51,13613.62
1048576,40,101.17,10364.04
2097152,20,243.17,8624.33
4194304,10,498.98,8405.69
8388608,5,1245.27,6736.40
16777216,2,4173.51,4019.93
33554432,1,11130.31,3014.69
67108864,1,21732.59,3087.94
134217728,1,43491.15,3086.09
268435456,1,87048.42,3083.75
#bytes,#repetitions,t[usec],Mbytes/sec
0,1000,0.61,0.00
1,1000,0.64,1.57
2,1000,0.64,3.14
4,1000,0.64,6.23
8,1000,0.65,12.23
16,1000,0.74,21.49
32,1000,0.80,40.13
64,1000,0.84,76.62
128,1000,0.96,133.83
256,1000,1.13,226.93
512,1000,1.35,377.97
1024,1000,1.62,633.52
2048,1000,2.01,1021.05
4096,1000,2.89,1419.09
8192,1000,3.61,2266.80
16384,1000,3.81,4299.70
32768,1000,5.33,6149.89
65536,640,6.85,9562.42
131072,320,10.61,12356.40
262144,160,18.17,14428.46
524288,80,38.49,13622.29
1048576,40,102.69,10210.98
2097152,20,243.23,8622.14
4194304,10,499.02,8405.07
8388608,5,1261.25,6651.03
16777216,2,4180.91,4012.81
33554432,1,10710.44,3132.87
67108864,1,21695.57,3093.21
134217728,1,43501.44,3085.36
268435456,1,87030.49,3084.38
#bytes,#repetitions,t[usec],Mbytes/sec
0,1000,0.60,0.00
1,1000,0.64,1.57
2,1000,0.63,3.17
4,1000,0.63,6.36
8,1000,0.65,12.39
16,1000,0.73,21.88
32,1000,0.79,40.75
64,1000,0.85,74.91
128,1000,0.89,143.34
256,1000,1.17,219.28
512,1000,1.35,379.29
1024,1000,1.63,627.87
2048,1000,1.97,1039.59
4096,1000,2.89,1419.18
8192,1000,3.45,2377.25
16384,1000,3.75,4364.95
32768,1000,5.23,6263.07
65536,640,6.74,9719.06
131072,320,10.56,12408.55
262144,160,18.24,14370.75
524288,80,38.79,13516.91
1048576,40,100.19,10465.78
2097152,20,244.43,8579.69
4194304,10,501.18,8368.87
8388608,5,1274.46,6582.08
16777216,2,4170.57,4022.76
33554432,1,10718.84,3130.42
67108864,1,21679.67,3095.47
134217728,1,43470.34,3087.57
268435456,1,87019.53,3084.77
