#bytes,#repetitions,t[usec],Mbytes/sec
0,1000,1.14,0.00
1,1000,1.13,0.88
2,1000,1.14,1.75
4,1000,1.15,3.49
8,1000,1.14,7.03
16,1000,1.14,14.06
32,1000,1.16,27.66
64,1000,1.35,47.36
128,1000,1.39,91.94
256,1000,1.66,154.17
512,1000,1.74,294.92
1024,1000,1.91,536.57
2048,1000,2.55,803.54
4096,1000,3.28,1249.49
8192,1000,4.31,1898.86
16384,1000,6.04,2714.13
32768,1000,9.81,3339.95
65536,640,12.56,5219.63
131072,320,21.93,5975.68
262144,160,32.27,8124.65
524288,80,54.17,9678.99
1048576,40,98.59,10636.16
2097152,20,182.08,11517.82
4194304,10,353.70,11858.34
8388608,5,695.56,12060.17
16777216,2,1379.97,12157.63
33554432,1,2751.73,12193.94
67108864,1,5503.52,12193.81
134217728,1,10975.47,12228.88
268435456,1,21929.55,12240.81
#bytes,#repetitions,t[usec],Mbytes/sec
0,1000,1.14,0.00
1,1000,1.14,0.88
2,1000,1.14,1.75
4,1000,1.14,3.51
8,1000,1.14,7.01
16,1000,1.14,14.01
32,1000,1.16,27.59
64,1000,1.35,47.57
128,1000,1.39,92.33
256,1000,1.65,155.58
512,1000,1.72,297.08
1024,1000,1.92,534.70
2048,1000,2.60,787.05
4096,1000,3.37,1215.51
8192,1000,4.27,1916.74
16384,1000,6.11,2680.85
32768,1000,9.55,3432.74
65536,640,12.79,5124.63
131072,320,21.98,5963.35
262144,160,32.28,8121.20
524288,80,55.19,9499.69
1048576,40,96.76,10837.03
2097152,20,181.77,11537.38
4194304,10,353.66,11859.56
8388608,5,695.78,12056.35
16777216,2,1379.31,12163.46
33554432,1,2763.39,12142.47
67108864,1,5488.09,12228.08
134217728,1,10944.52,12263.47
268435456,1,21989.74,12207.30
#bytes,#repetitions,t[usec],Mbytes/sec
0,1000,1.13,0.00
1,1000,1.14,0.88
2,1000,1.14,1.75
4,1000,1.14,3.50
8,1000,1.14,7.01
16,1000,1.14,14.02
32,1000,1.16,27.50
64,1000,1.35,47.54
128,1000,1.39,92.03
256,1000,1.65,154.89
512,1000,1.72,297.32
1024,1000,1.91,537.47
2048,1000,2.54,805.04
4096,1000,3.33,1228.69
8192,1000,4.29,1908.29
16384,1000,5.93,2764.84
32768,1000,9.56,3427.56
65536,640,12.79,5124.44
131072,320,21.91,5981.65
262144,160,32.66,8026.74
524288,80,54.13,9685.44
1048576,40,97.56,10748.06
2097152,20,185.57,11301.03
4194304,10,353.73,11857.51
8388608,5,694.92,12071.25
16777216,2,1382.48,12135.62
33554432,1,2759.08,12161.47
67108864,1,5506.14,12188.00
134217728,1,11005.12,12195.94
268435456,1,21995.39,12204.17
#bytes,#repetitions,t[usec],Mbytes/sec
0,1000,1.14,0.00
1,1000,1.14,0.87
2,1000,1.14,1.75
4,1000,1.14,3.50
8,1000,1.14,7.04
16,1000,1.14,14.02
32,1000,1.16,27.67
64,1000,1.34,47.84
128,1000,1.39,91.89
256,1000,1.67,153.50
512,1000,1.73,295.72
1024,1000,1.92,532.08
2048,1000,2.57,795.40
4096,1000,3.37,1214.10
8192,1000,4.39,1865.11
16384,1000,6.03,2716.62
32768,1000,9.77,3354.78
65536,640,12.54,5227.19
131072,320,21.30,6152.38
262144,160,32.72,8011.71
524288,80,54.76,9574.87
1048576,40,96.79,10833.76
2097152,20,185.57,11300.96
4194304,10,352.07,11913.36
8388608,5,692.02,12121.88
16777216,2,1375.44,12197.67
33554432,1,2751.92,12193.08
67108864,1,5493.56,12215.91
134217728,1,10972.22,12232.51
268435456,1,21969.81,12218.38
#bytes,#repetitions,t[usec],Mbytes/sec
0,1000,1.14,0.00
1,1000,1.14,0.88
2,1000,1.14,1.75
4,1000,1.14,3.50
8,1000,1.14,7.03
16,1000,1.14,14.03
32,1000,1.17,27.31
64,1000,1.35,47.37
128,1000,1.39,92.00
256,1000,1.66,154.52
512,1000,1.74,294.80
1024,1000,1.91,534.92
2048,1000,2.55,803.61
4096,1000,3.37,1214.12
8192,1000,4.29,1908.50
16384,1000,5.90,2778.13
32768,1000,9.39,3490.49
65536,640,12.39,5287.41
131072,320,21.90,5985.02
262144,160,32.73,8008.11
524288,80,54.89,9551.11
1048576,40,98.58,10636.89
2097152,20,183.21,11446.92
4194304,10,353.90,11851.64
8388608,5,695.75,12056.85
16777216,2,1377.92,12175.76
33554432,1,2749.48,12203.90
67108864,1,5506.85,12186.43
134217728,1,11013.80,12186.32
268435456,1,21939.12,12235.47
#bytes,#repetitions,t[usec],Mbytes/sec
0,1000,1.23,0.00
1,1000,1.23,0.81
2,1000,1.23,1.63
4,1000,1.22,3.27
8,1000,1.22,6.55
16,1000,1.22,13.08
32,1000,1.25,25.66
64,1000,1.50,42.80
128,1000,1.55,82.81
256,1000,1.83,139.80
512,1000,1.91,267.65
1024,1000,2.12,484.06
2048,1000,2.90,705.02
4096,1000,3.68,1113.23
8192,1000,4.74,1728.19
16384,1000,6.52,2513.08
32768,1000,10.08,3251.09
65536,640,12.70,5162.14
131072,320,21.57,6076.67
262144,160,32.88,7971.58
524288,80,57.99,9040.68
1048576,40,98.26,10671.05
2097152,20,182.35,11500.76
4194304,10,354.14,11843.56
8388608,5,693.70,12092.59
16777216,2,1377.89,12176.00
33554432,1,2761.70,12149.92
67108864,1,5506.12,12188.06
134217728,1,11005.46,12195.55
268435456,1,21970.16,12218.18
#bytes,#repetitions,t[usec],Mbytes/sec
0,1000,1.06,0.00
1,1000,1.06,0.95
2,1000,1.08,1.85
4,1000,1.08,3.71
8,1000,1.07,7.51
16,1000,1.06,15.05
32,1000,1.07,29.83
64,1000,1.20,53.23
128,1000,1.25,102.80
256,1000,1.49,171.53
512,1000,1.57,326.89
1024,1000,1.72,596.00
2048,1000,2.32,883.79
4096,1000,2.98,1373.11
8192,1000,3.93,2086.20
16384,1000,5.62,2915.88
32768,1000,9.45,3468.32
65536,640,12.59,5204.52
131072,320,21.37,6133.34
262144,160,32.25,8129.01
524288,80,55.96,9368.90
1048576,40,96.72,10841.25
2097152,20,181.88,11530.44
4194304,10,352.27,11906.46
8388608,5,692.65,12110.90
16777216,2,1379.89,12158.39
33554432,1,2761.96,12148.78
67108864,1,5505.63,12189.13
134217728,1,11020.09,12179.37
268435456,1,21985.85,12209.46
#bytes,#repetitions,t[usec],Mbytes/sec
0,1000,1.13,0.00
1,1000,1.13,0.88
2,1000,1.15,1.74
4,1000,1.14,3.51
8,1000,1.14,7.02
16,1000,1.14,14.06
32,1000,1.17,27.42
64,1000,1.35,47.43
128,1000,1.40,91.39
256,1000,1.67,153.74
512,1000,1.73,296.46
1024,1000,1.91,536.42
2048,1000,2.61,785.87
4096,1000,3.34,1225.56
8192,1000,4.27,1920.73
16384,1000,5.94,2756.11
32768,1000,9.36,3501.78
65536,640,12.47,5254.42
131072,320,21.51,6094.85
262144,160,32.38,8095.04
524288,80,54.22,9669.51
1048576,40,98.14,10684.61
2097152,20,181.84,11533.06
4194304,10,353.73,11857.42
8388608,5,695.82,12055.79
16777216,2,1378.84,12167.60
33554432,1,2758.60,12163.59
67108864,1,5491.15,12221.28
134217728,1,10957.72,12248.69
268435456,1,21983.80,12210.60
#bytes,#repetitions,t[usec],Mbytes/sec
0,1000,1.21,0.00
1,1000,1.21,0.83
2,1000,1.22,1.64
4,1000,1.22,3.28
8,1000,1.22,6.56
16,1000,1.22,13.10
32,1000,1.25,25.50
64,1000,1.49,42.82
128,1000,1.55,82.75
256,1000,1.83,140.04
512,1000,1.91,268.05
1024,1000,2.11,484.52
2048,1000,2.87,714.01
4096,1000,3.66,1118.47
8192,1000,4.68,1750.45
16384,1000,6.38,2567.59
32768,1000,9.94,3297.14
65536,640,12.97,5054.51
131072,320,22.30,5876.66
262144,160,32.79,7994.54
524288,80,55.75,9404.00
1048576,40,96.82,10830.25
2097152,20,183.23,11445.33
4194304,10,355.28,11805.78
8388608,5,698.36,12011.89
16777216,2,1386.00,12104.76
33554432,1,2760.41,12155.58
67108864,1,5507.47,12185.06
134217728,1,11013.41,12186.75
268435456,1,21920.43,12245.90
#bytes,#repetitions,t[usec],Mbytes/sec
0,1000,1.14,0.00
1,1000,1.14,0.88
2,1000,1.14,1.75
4,1000,1.14,3.50
8,1000,1.14,7.04
16,1000,1.14,14.04
32,1000,1.16,27.48
64,1000,1.35,47.46
128,1000,1.39,91.85
256,1000,1.66,154.54
512,1000,1.73,296.62
1024,1000,1.90,537.73
2048,1000,2.55,804.69
4096,1000,3.36,1217.67
8192,1000,4.29,1910.19
16384,1000,5.91,2774.56
32768,1000,9.60,3414.89
65536,640,12.64,5183.05
131072,320,21.28,6160.38
262144,160,32.92,7963.10
524288,80,54.16,9680.23
1048576,40,96.86,10825.43
2097152,20,183.18,11448.69
4194304,10,353.62,11860.99
8388608,5,695.44,12062.38
16777216,2,1383.30,12128.39
33554432,1,2746.60,12216.73
67108864,1,5510.68,12177.97
134217728,1,10949.30,12258.11
268435456,1,22014.11,12193.79
