#bytes,#repetitions,t[usec],Mbytes/sec
0,1000,0.26,0.00
1,1000,0.30,3.35
2,1000,0.30,6.63
4,1000,0.30,13.16
8,1000,0.30,26.54
16,1000,0.31,51.66
32,1000,0.30,105.43
64,1000,0.33,191.08
128,1000,0.38,336.94
256,1000,0.44,577.59
512,1000,0.67,768.39
1024,1000,0.77,1328.02
2048,1000,0.89,2300.37
4096,1000,1.83,2239.52
8192,1000,2.14,3830.21
16384,1000,2.56,6406.42
32768,1000,3.52,9295.98
65536,640,4.77,13733.65
131072,320,7.94,16501.46
262144,160,14.97,17509.09
524288,80,31.75,16514.61
1048576,40,85.93,12202.38
2097152,20,201.73,10396.05
4194304,10,483.00,8683.82
8388608,5,1663.02,5044.21
16777216,2,4049.79,4142.73
33554432,1,8999.14,3728.63
67108864,1,18271.38,3672.89
134217728,1,35924.45,3736.11
268435456,1,68542.83,3916.32
#bytes,#repetitions,t[usec],Mbytes/sec
0,1000,0.27,0.00
1,1000,0.30,3.32
2,1000,0.30,6.67
4,1000,0.30,13.42
8,1000,0.30,26.86
16,1000,0.31,51.45
32,1000,0.31,104.03
64,1000,0.34,188.73
128,1000,0.38,337.43
256,1000,0.45,566.81
512,1000,0.68,750.19
1024,1000,0.75,1361.25
2048,1000,0.89,2291.86
4096,1000,1.82,2250.35
8192,1000,2.14,3834.38
16384,1000,2.53,6484.94
32768,1000,3.53,9276.89
65536,640,4.78,13724.19
131072,320,7.95,16492.60
262144,160,14.97,17507.80
524288,80,31.71,16536.13
1048576,40,85.05,12328.26
2097152,20,201.26,10420.11
4194304,10,494.75,8477.59
8388608,5,1674.29,5010.24
16777216,2,4072.78,4119.35
33554432,1,8999.84,3728.34
67108864,1,18275.61,3672.04
134217728,1,35825.77,3746.40
268435456,1,68587.72,3913.75
#bytes,#repetitions,t[usec],Mbytes/sec
0,1000,0.27,0.00
1,1000,0.30,3.29
2,1000,0.30,6.65
4,1000,0.30,13.13
8,1000,0.30,26.42
16,1000,0.31,51.37
32,1000,0.31,103.44
64,1000,0.35,185.43
128,1000,0.40,323.88
256,1000,0.46,557.65
512,1000,0.66,776.11
1024,1000,0.74,1384.39
2048,1000,0.89,2289.95
4096,1000,1.80,2280.67
8192,1000,2.12,3870.23
16384,1000,2.51,6534.50
32768,1000,3.51,9333.09
65536,640,4.77,13740.43
131072,320,7.85,16694.36
262144,160,14.82,17693.18
524288,80,31.29,16755.14
1048576,40,84.61,12392.93
2097152,20,200.87,10440.26
4194304,10,493.04,8507.04
8388608,5,1663.89,5041.56
16777216,2,4043.95,4148.72
33554432,1,9000.92,3727.89
67108864,1,18238.87,3679.44
134217728,1,35921.85,3736.38
268435456,1,68537.79,3916.60
#bytes,#repetitions,t[usec],Mbytes/sec
0,1000,0.28,0.00
1,1000,0.30,3.30
2,1000,0.31,6.55
4,1000,0.31,12.94
8,1000,0.30,26.47
16,1000,0.31,51.58
32,1000,0.30,105.60
64,1000,0.35,184.21
128,1000,0.39,331.74
256,1000,0.45,568.38
512,1000,0.67,758.81
1024,1000,0.74,1385.75
2048,1000,0.88,2330.95
4096,1000,1.90,2153.84
8192,1000,2.15,3817.73
16384,1000,2.61,6270.71
32768,1000,3.47,9429.75
65536,640,5.00,13100.43
131072,320,8.17,16045.99
262144,160,14.68,17854.30
524288,80,31.40,16696.90
1048576,40,85.36,12283.46
2097152,20,202.38,10362.58
4194304,10,492.27,8520.29
8388608,5,1674.33,5010.12
16777216,2,4023.29,4170.02
33554432,1,8999.57,3728.45
67108864,1,18256.81,3675.83
134217728,1,35865.78,3742.22
268435456,1,68467.34,3920.64
#bytes,#repetitions,t[usec],Mbytes/sec
0,1000,0.27,0.00
1,1000,0.30,3.34
2,1000,0.30,6.69
4,1000,0.29,13.57
8,1000,0.29,27.14
16,1000,0.30,52.62
32,1000,0.30,106.14
64,1000,0.33,192.59
128,1000,0.38,337.35
256,1000,0.43,594.42
512,1000,0.69,745.75
1024,1000,0.77,1331.20
2048,1000,0.86,2382.46
4096,1000,1.94,2110.89
8192,1000,2.08,3939.90
16384,1000,2.58,6358.02
32768,1000,3.42,9584.54
65536,640,4.85,13506.05
131072,320,7.73,16951.89
262144,160,14.89,17602.96
524288,80,31.97,16401.87
1048576,40,85.07,12325.33
2097152,20,200.27,10471.62
4194304,10,487.61,8601.79
8388608,5,1668.59,5027.37
16777216,2,4019.62,4173.83
33554432,1,8969.53,3740.94
67108864,1,18268.15,3673.54
134217728,1,35927.33,3735.81
268435456,1,68535.43,3916.74
#bytes,#repetitions,t[usec],Mbytes/sec
0,1000,0.26,0.00
1,1000,0.31,3.24
2,1000,0.31,6.50
4,1000,0.30,13.34
8,1000,0.30,26.43
16,1000,0.31,50.82
32,1000,0.30,105.93
64,1000,0.34,190.91
128,1000,0.39,326.88
256,1000,0.46,561.57
512,1000,0.68,751.17
1024,1000,0.74,1388.04
2048,1000,0.91,2262.01
4096,1000,1.84,2223.03
8192,1000,2.11,3887.45
16384,1000,2.60,6307.75
32768,1000,3.53,9290.17
65536,640,4.91,13353.82
131072,320,8.54,15355.01
262144,160,14.80,17710.38
524288,80,31.27,16765.99
1048576,40,84.72,12377.17
2097152,20,202.51,10355.62
4194304,10,490.33,8554.07
8388608,5,1667.93,5029.36
16777216,2,4045.42,4147.21
33554432,1,8950.73,3748.79
67108864,1,18283.28,3670.50
134217728,1,35900.04,3738.65
268435456,1,68545.05,3916.19
#bytes,#repetitions,t[usec],Mbytes/sec
0,1000,0.28,0.00
1,1000,0.30,3.32
2,1000,0.30,6.57
4,1000,0.31,13.01
8,1000,0.30,26.38
16,1000,0.30,52.55
32,1000,0.31,103.29
64,1000,0.33,194.71
128,1000,0.39,331.87
256,1000,0.45,567.24
512,1000,0.67,769.78
1024,1000,0.77,1322.65
2048,1000,0.88,2336.74
4096,1000,1.85,2213.39
8192,1000,2.17,3780.12
16384,1000,2.59,6316.75
32768,1000,3.45,9487.36
65536,640,4.95,13252.20
131072,320,8.66,15132.92
262144,160,14.91,17581.53
524288,80,31.66,16561.75
1048576,40,85.08,12325.22
2097152,20,202.67,10347.53
4194304,10,495.88,8458.27
8388608,5,1673.64,5012.21
16777216,2,4010.39,4183.44
33554432,1,8982.16,3735.68
67108864,1,18239.70,3679.27
134217728,1,35885.35,3740.18
268435456,1,68563.69,3915.13
#bytes,#repetitions,t[usec],Mbytes/sec
0,1000,0.27,0.00
1,1000,0.29,3.42
2,1000,0.29,6.86
4,1000,0.30,13.46
8,1000,0.29,27.19
16,1000,0.30,53.25
32,1000,0.30,105.86
64,1000,0.33,192.33
128,1000,0.38,336.27
256,1000,0.44,587.55
512,1000,0.65,786.69
1024,1000,0.73,1404.97
2048,1000,0.91,2248.28
4096,1000,1.89,2165.00
8192,1000,2.11,3886.43
16384,1000,2.55,6418.23
32768,1000,3.42,9594.91
65536,640,4.82,13582.75
131072,320,7.82,16769.51
262144,160,14.81,17696.06
524288,80,31.31,16746.05
1048576,40,85.83,12217.11
2097152,20,202.45,10358.76
4194304,10,487.19,8609.25
8388608,5,1671.96,5017.22
16777216,2,4074.07,4118.05
33554432,1,8961.70,3744.20
67108864,1,18269.76,3673.22
134217728,1,35890.21,3739.68
268435456,1,68589.21,3913.67
#bytes,#repetitions,t[usec],Mbytes/sec
0,1000,0.26,0.00
1,1000,0.30,3.30
2,1000,0.30,6.67
4,1000,0.30,13.45
8,1000,0.30,26.72
16,1000,0.30,52.94
32,1000,0.30,106.20
64,1000,0.34,188.95
128,1000,0.38,340.49
256,1000,0.45,569.45
512,1000,0.68,753.11
1024,1000,0.76,1339.53
2048,1000,0.90,2280.91
4096,1000,1.90,2154.07
8192,1000,2.10,3891.90
16384,1000,2.60,6290.50
32768,1000,3.33,9826.92
65536,640,4.95,13243.37
131072,320,8.04,16293.54
262144,160,14.88,17620.86
524288,80,31.50,16645.23
1048576,40,85.02,12333.57
2097152,20,200.56,10456.37
4194304,10,491.18,8539.21
8388608,5,1676.05,5005.00
16777216,2,4081.48,4110.57
33554432,1,8964.50,3743.04
67108864,1,18239.61,3679.29
134217728,1,35864.09,3742.40
268435456,1,68527.86,3917.17
#bytes,#repetitions,t[usec],Mbytes/sec
0,1000,0.27,0.00
1,1000,0.30,3.38
2,1000,0.30,6.74
4,1000,0.30,13.47
8,1000,0.30,26.83
16,1000,0.30,53.11
32,1000,0.30,106.77
64,1000,0.34,186.91
128,1000,0.39,331.15
256,1000,0.44,576.75
512,1000,0.67,768.06
1024,1000,0.74,1382.77
2048,1000,0.93,2212.70
4096,1000,1.80,2273.75
8192,1000,2.13,3837.07
16384,1000,2.49,6567.58
32768,1000,3.58,9145.35
65536,640,4.80,13642.02
131072,320,7.86,16680.08
262144,160,14.79,17725.58
524288,80,31.68,16548.66
1048576,40,85.78,12224.10
2097152,20,199.25,10525.20
4194304,10,497.03,8438.75
8388608,5,1663.60,5042.43
16777216,2,4052.97,4139.49
33554432,1,8981.89,3735.79
67108864,1,18295.29,3668.10
134217728,1,35886.21,3740.09
268435456,1,68546.37,3916.11
