#bytes,#repetitions,t[usec],Mbytes/sec
0,1000,15.97,0.00
1,1000,15.96,0.06
2,1000,15.99,0.13
4,1000,15.99,0.25
8,1000,16.01,0.50
16,1000,15.95,1.00
32,1000,15.99,2.00
64,1000,16.13,3.97
128,1000,16.66,7.68
256,1000,16.84,15.20
512,1000,17.03,30.07
1024,1000,17.51,58.47
2048,1000,39.89,51.35
4096,1000,40.68,100.69
8192,1000,72.78,112.56
16384,1000,48.99,334.43
32768,1000,101.76,322.03
65536,640,106.28,616.62
131072,320,127.53,1027.79
262144,160,230.95,1135.07
524288,80,328.30,1596.96
1048576,40,514.58,2037.74
2097152,20,899.49,2331.49
4194304,10,1782.30,2353.30
8388608,5,3588.01,2337.95
16777216,2,7090.82,2366.05
33554432,1,14084.76,2382.32
67108864,1,27842.57,2410.30
134217728,1,55360.35,2424.44
268435456,1,110293.46,2433.83
#bytes,#repetitions,t[usec],Mbytes/sec
0,1000,15.88,0.00
1,1000,15.89,0.06
2,1000,15.90,0.13
4,1000,15.89,0.25
8,1000,15.92,0.50
16,1000,15.90,1.01
32,1000,15.96,2.00
64,1000,16.04,3.99
128,1000,16.51,7.75
256,1000,16.63,15.40
512,1000,16.73,30.61
1024,1000,17.27,59.29
2048,1000,40.18,50.97
4096,1000,41.11,99.62
8192,1000,67.74,120.93
16384,1000,49.03,334.17
32768,1000,97.57,335.84
65536,640,101.22,647.44
131072,320,125.89,1041.18
262144,160,232.18,1129.05
524288,80,327.93,1598.78
1048576,40,515.10,2035.68
2097152,20,906.94,2312.34
4194304,10,1780.20,2356.09
8388608,5,3597.50,2331.79
16777216,2,7094.36,2364.87
33554432,1,14120.65,2376.27
67108864,1,27891.69,2406.05
134217728,1,55537.29,2416.71
268435456,1,110973.87,2418.91
#bytes,#repetitions,t[usec],Mbytes/sec
0,1000,14.64,0.00
1,1000,14.59,0.07
2,1000,14.63,0.14
4,1000,14.61,0.27
8,1000,14.62,0.55
16,1000,14.62,1.09
32,1000,14.70,2.18
64,1000,14.73,4.35
128,1000,15.18,8.43
256,1000,15.37,16.66
512,1000,15.51,33.00
1024,1000,15.94,64.24
2048,1000,39.10,52.38
4096,1000,39.72,103.13
8192,1000,63.06,129.90
16384,1000,48.99,334.41
32768,1000,98.01,334.32
65536,640,97.97,668.94
131072,320,132.99,985.54
262144,160,216.39,1211.42
524288,80,297.89,1760.00
1048576,40,482.45,2173.45
2097152,20,843.99,2484.82
4194304,10,1549.68,2706.55
8388608,5,2990.33,2805.24
16777216,2,5854.18,2865.85
33554432,1,11820.41,2838.69
67108864,1,23566.31,2847.66
134217728,1,47090.47,2850.21
268435456,1,93741.76,2863.56
#bytes,#repetitions,t[usec],Mbytes/sec
0,1000,14.53,0.00
1,1000,14.51,0.07
2,1000,14.55,0.14
4,1000,14.57,0.27
8,1000,14.53,0.55
16,1000,14.55,1.10
32,1000,14.61,2.19
64,1000,14.65,4.37
128,1000,15.01,8.53
256,1000,15.21,16.83
512,1000,15.33,33.39
1024,1000,15.85,64.61
2048,1000,38.74,52.87
4096,1000,39.28,104.28
8192,1000,63.76,128.49
16384,1000,49.02,334.24
32768,1000,97.88,334.78
65536,640,98.03,668.56
131072,320,105.87,1238.05
262144,160,214.91,1219.81
524288,80,298.20,1758.19
1048576,40,481.65,2177.04
2097152,20,834.65,2512.62
4194304,10,1549.90,2706.18
8388608,5,3002.50,2793.87
16777216,2,6129.66,2737.05
33554432,1,12713.71,2639.23
67108864,1,25403.66,2641.70
134217728,1,50714.98,2646.51
268435456,1,100443.79,2672.49
#bytes,#repetitions,t[usec],Mbytes/sec
0,1000,16.65,0.00
1,1000,16.64,0.06
2,1000,16.61,0.12
4,1000,16.65,0.24
8,1000,16.67,0.48
16,1000,16.66,0.96
32,1000,16.67,1.92
64,1000,16.77,3.82
128,1000,17.32,7.39
256,1000,17.45,14.67
512,1000,17.58,29.12
1024,1000,18.00,56.89
2048,1000,40.56,50.49
4096,1000,40.64,100.79
8192,1000,72.93,112.33
16384,1000,49.02,334.23
32768,1000,99.30,329.98
65536,640,108.83,602.17
131072,320,146.49,894.76
262144,160,232.96,1125.28
524288,80,326.52,1605.70
1048576,40,513.75,2041.04
2097152,20,898.12,2335.05
4194304,10,1760.12,2382.97
8388608,5,3551.73,2361.84
16777216,2,7004.51,2395.20
33554432,1,13940.53,2406.97
67108864,1,27527.86,2437.85
134217728,1,55303.83,2426.92
268435456,1,110329.09,2433.04
#bytes,#repetitions,t[usec],Mbytes/sec
0,1000,15.98,0.00
1,1000,15.93,0.06
2,1000,16.00,0.13
4,1000,16.03,0.25
8,1000,15.97,0.50
16,1000,16.02,1.00
32,1000,16.00,2.00
64,1000,16.11,3.97
128,1000,16.58,7.72
256,1000,16.69,15.33
512,1000,16.97,30.17
1024,1000,17.45,58.67
2048,1000,40.63,50.40
4096,1000,41.18,99.47
8192,1000,66.58,123.04
16384,1000,49.19,333.10
32768,1000,98.83,331.57
65536,640,101.42,646.21
131072,320,142.39,920.53
262144,160,232.98,1125.16
524288,80,327.94,1598.72
1048576,40,513.28,2042.91
2097152,20,891.06,2353.55
4194304,10,1723.04,2434.25
8388608,5,3530.66,2375.93
16777216,2,6889.27,2435.27
33554432,1,13947.76,2405.72
67108864,1,27794.99,2414.42
134217728,1,55587.11,2414.55
268435456,1,110808.43,2422.52
#bytes,#repetitions,t[usec],Mbytes/sec
0,1000,15.71,0.00
1,1000,15.69,0.06
2,1000,15.73,0.13
4,1000,15.75,0.25
8,1000,15.72,0.51
16,1000,15.70,1.02
32,1000,15.71,2.04
64,1000,15.82,4.04
128,1000,16.33,7.84
256,1000,16.52,15.50
512,1000,16.76,30.54
1024,1000,17.19,59.56
2048,1000,40.21,50.93
4096,1000,40.86,100.25
8192,1000,62.17,131.78
16384,1000,49.03,334.19
32768,1000,97.56,335.86
65536,640,100.17,654.24
131072,320,125.53,1044.15
262144,160,229.84,1140.53
524288,80,325.79,1609.27
1048576,40,514.14,2039.48
2097152,20,896.62,2338.95
4194304,10,1760.56,2382.37
8388608,5,3566.73,2351.90
16777216,2,7068.11,2373.65
33554432,1,14061.51,2386.26
67108864,1,27686.27,2423.90
134217728,1,55340.17,2425.32
268435456,1,110445.36,2430.48
#bytes,#repetitions,t[usec],Mbytes/sec
0,1000,16.02,0.00
1,1000,15.95,0.06
2,1000,15.96,0.13
4,1000,15.98,0.25
8,1000,15.98,0.50
16,1000,15.96,1.00
32,1000,15.97,2.00
64,1000,16.07,3.98
128,1000,16.59,7.72
256,1000,16.68,15.35
512,1000,16.98,30.15
1024,1000,17.45,58.70
2048,1000,40.19,50.96
4096,1000,40.97,99.98
8192,1000,67.39,121.55
16384,1000,49.01,334.32
32768,1000,97.46,336.23
65536,640,100.88,649.62
131072,320,124.42,1053.50
262144,160,233.30,1123.65
524288,80,328.68,1595.12
1048576,40,517.12,2027.71
2097152,20,905.60,2315.77
4194304,10,1780.63,2355.51
8388608,5,3606.51,2325.96
16777216,2,7087.92,2367.02
33554432,1,14060.68,2386.40
67108864,1,27936.64,2402.18
134217728,1,55493.74,2418.61
268435456,1,111068.01,2416.86
#bytes,#repetitions,t[usec],Mbytes/sec
0,1000,16.72,0.00
1,1000,16.70,0.06
2,1000,16.80,0.12
4,1000,16.78,0.24
8,1000,16.75,0.48
16,1000,16.77,0.95
32,1000,16.80,1.91
64,1000,16.81,3.81
128,1000,17.24,7.42
256,1000,17.47,14.65
512,1000,17.61,29.08
1024,1000,18.08,56.63
2048,1000,40.30,50.82
4096,1000,41.10,99.66
8192,1000,73.15,111.99
16384,1000,49.01,334.29
32768,1000,99.80,328.33
65536,640,103.94,630.52
131072,320,147.10,891.01
262144,160,230.37,1137.91
524288,80,326.65,1605.03
1048576,40,514.54,2037.88
2097152,20,895.14,2342.82
4194304,10,1764.93,2376.47
8388608,5,3605.16,2326.83
16777216,2,7267.66,2308.48
33554432,1,14878.74,2255.19
67108864,1,29443.02,2279.28
134217728,1,58738.70,2285.00
268435456,1,117575.07,2283.10
#bytes,#repetitions,t[usec],Mbytes/sec
0,1000,17.53,0.00
1,1000,17.46,0.06
2,1000,17.57,0.11
4,1000,17.51,0.23
8,1000,17.52,0.46
16,1000,17.51,0.91
32,1000,17.47,1.83
64,1000,17.64,3.63
128,1000,18.30,7.00
256,1000,18.46,13.87
512,1000,18.74,27.32
1024,1000,19.17,53.42
2048,1000,41.95,48.82
4096,1000,42.58,96.20
8192,1000,72.93,112.32
16384,1000,51.53,317.95
32768,1000,101.47,322.94
65536,640,109.77,597.01
131072,320,142.70,918.52
262144,160,255.86,1024.57
524288,80,355.14,1476.28
1048576,40,544.59,1925.42
2097152,20,952.03,2202.81
4194304,10,1976.88,2121.67
8388608,5,4135.94,2028.22
16777216,2,8136.32,2062.02
33554432,1,16212.64,2069.65
67108864,1,32217.06,2083.02
134217728,1,64161.41,2091.88
268435456,1,127491.72,2105.51
