#bytes,#repetitions,t[usec],Mbytes/sec
0,1000,1.00,0.00
1,1000,1.00,1.00
2,1000,1.01,1.98
4,1000,1.01,3.96
8,1000,1.00,7.98
16,1000,1.01,15.86
32,1000,1.02,31.39
64,1000,1.18,54.19
128,1000,1.24,103.38
256,1000,1.45,176.68
512,1000,1.53,335.11
1024,1000,1.70,604.03
2048,1000,2.35,869.76
4096,1000,3.21,1277.56
8192,1000,4.47,1833.74
16384,1000,6.25,2620.33
32768,1000,8.44,3881.71
65536,640,12.36,5302.51
131072,320,18.60,7048.12
262144,160,32.01,8190.35
524288,80,54.29,9657.85
1048576,40,97.03,10807.00
2097152,20,186.02,11273.91
4194304,10,352.41,11901.65
8388608,5,697.36,12029.05
16777216,2,1379.79,12159.29
33554432,1,2753.58,12185.74
67108864,1,5505.93,12188.47
134217728,1,11018.64,12180.97
268435456,1,22047.00,12175.60
#bytes,#repetitions,t[usec],Mbytes/sec
0,1000,1.00,0.00
1,1000,1.00,1.00
2,1000,1.00,1.99
4,1000,1.00,3.98
8,1000,1.00,7.99
16,1000,1.01,15.92
32,1000,1.02,31.36
64,1000,1.19,53.88
128,1000,1.24,102.90
256,1000,1.46,174.76
512,1000,1.53,334.68
1024,1000,1.68,608.90
2048,1000,2.37,865.72
4096,1000,3.21,1277.90
8192,1000,4.48,1828.10
16384,1000,6.27,2615.07
32768,1000,8.47,3868.62
65536,640,12.39,5290.81
131072,320,18.63,7035.27
262144,160,31.93,8209.19
524288,80,56.98,9200.50
1048576,40,97.93,10706.96
2097152,20,182.18,11511.54
4194304,10,353.27,11872.65
8388608,5,693.73,12092.03
16777216,2,1382.39,12136.37
33554432,1,2757.92,12166.57
67108864,1,5507.34,12185.34
134217728,1,11017.49,12182.24
268435456,1,22043.07,12177.77
#bytes,#repetitions,t[usec],Mbytes/sec
0,1000,1.00,0.00
1,1000,1.00,1.00
2,1000,1.01,1.99
4,1000,1.01,3.97
8,1000,1.00,7.98
16,1000,1.01,15.89
32,1000,1.02,31.30
64,1000,1.18,54.42
128,1000,1.23,104.11
256,1000,1.45,175.95
512,1000,1.53,335.32
1024,1000,1.68,608.65
2048,1000,2.35,870.90
4096,1000,3.21,1277.05
8192,1000,4.46,1836.26
16384,1000,6.27,2611.84
32768,1000,8.45,3878.62
65536,640,12.36,5302.17
131072,320,18.60,7047.67
262144,160,31.94,8207.15
524288,80,54.21,9671.08
1048576,40,96.92,10818.68
2097152,20,182.22,11508.64
4194304,10,352.55,11897.02
8388608,5,694.12,12085.29
16777216,2,1381.39,12145.17
33554432,1,2757.49,12168.46
67108864,1,5508.02,12183.85
134217728,1,11001.07,12200.43
268435456,1,22052.99,12172.30
#bytes,#repetitions,t[usec],Mbytes/sec
0,1000,1.00,0.00
1,1000,1.00,1.00
2,1000,1.01,1.98
4,1000,1.02,3.93
8,1000,1.01,7.94
16,1000,1.01,15.83
32,1000,1.03,31.20
64,1000,1.18,54.04
128,1000,1.23,103.75
256,1000,1.45,175.98
512,1000,1.53,334.87
1024,1000,1.69,605.72
2048,1000,2.35,872.60
4096,1000,3.21,1275.32
8192,1000,4.50,1822.38
16384,1000,6.30,2600.72
32768,1000,8.47,3868.50
65536,640,12.37,5297.76
131072,320,18.67,7022.10
262144,160,32.01,8190.39
524288,80,54.27,9661.50
1048576,40,98.15,10682.94
2097152,20,182.27,11505.73
4194304,10,352.75,11890.29
8388608,5,693.78,12091.13
16777216,2,1383.01,12130.93
33554432,1,2760.20,12156.52
67108864,1,5512.34,12174.30
134217728,1,11011.87,12188.46
268435456,1,22052.36,12172.64
#bytes,#repetitions,t[usec],Mbytes/sec
0,1000,1.00,0.00
1,1000,1.00,1.00
2,1000,1.01,1.98
4,1000,1.01,3.96
8,1000,1.00,7.97
16,1000,1.01,15.88
32,1000,1.02,31.45
64,1000,1.17,54.61
128,1000,1.23,103.98
256,1000,1.46,175.50
512,1000,1.53,335.12
1024,1000,1.69,607.15
2048,1000,2.36,868.59
4096,1000,3.21,1276.34
8192,1000,4.48,1829.66
16384,1000,6.28,2608.72
32768,1000,8.47,3867.71
65536,640,12.36,5301.74
131072,320,18.61,7042.96
262144,160,32.03,8184.91
524288,80,54.27,9660.96
1048576,40,97.81,10720.63
2097152,20,182.32,11502.89
4194304,10,353.07,11879.48
8388608,5,693.06,12103.72
16777216,2,1381.34,12145.58
33554432,1,2757.52,12168.32
67108864,1,5508.48,12182.83
134217728,1,11009.11,12191.51
268435456,1,22048.12,12174.98
#bytes,#repetitions,t[usec],Mbytes/sec
0,1000,1.00,0.00
1,1000,1.00,1.00
2,1000,1.01,1.99
4,1000,1.01,3.95
8,1000,1.01,7.94
16,1000,1.01,15.87
32,1000,1.02,31.34
64,1000,1.20,53.46
128,1000,1.25,102.49
256,1000,1.46,175.39
512,1000,1.53,335.36
1024,1000,1.69,604.67
2048,1000,2.36,867.27
4096,1000,3.21,1277.02
8192,1000,4.49,1823.61
16384,1000,6.28,2610.92
32768,1000,8.47,3867.08
65536,640,12.39,5289.18
131072,320,18.66,7023.08
262144,160,31.96,8202.35
524288,80,56.96,9204.69
1048576,40,96.89,10822.05
2097152,20,182.33,11501.71
4194304,10,352.78,11889.14
8388608,5,694.17,12084.41
16777216,2,1383.22,12129.09
33554432,1,2755.85,12175.71
67108864,1,5520.50,12156.31
134217728,1,11000.10,12201.51
268435456,1,22059.26,12168.83
#bytes,#repetitions,t[usec],Mbytes/sec
0,1000,1.00,0.00
1,1000,1.00,1.00
2,1000,1.01,1.97
4,1000,1.01,3.96
8,1000,1.01,7.95
16,1000,1.01,15.85
32,1000,1.02,31.36
64,1000,1.18,54.18
128,1000,1.23,103.94
256,1000,1.45,176.28
512,1000,1.53,334.75
1024,1000,1.68,608.34
2048,1000,2.37,865.95
4096,1000,3.21,1276.75
8192,1000,4.49,1824.80
16384,1000,6.28,2608.20
32768,1000,8.47,3868.01
65536,640,12.35,5305.84
131072,320,18.63,7035.74
262144,160,31.95,8204.82
524288,80,54.29,9657.60
1048576,40,96.90,10821.50
2097152,20,186.02,11273.98
4194304,10,352.28,11906.12
8388608,5,694.06,12086.34
16777216,2,1380.18,12155.85
33554432,1,2762.95,12144.44
67108864,1,5511.98,12175.08
134217728,1,11017.28,12182.48
268435456,1,22045.03,12176.69
#bytes,#repetitions,t[usec],Mbytes/sec
0,1000,1.00,0.00
1,1000,1.00,1.00
2,1000,1.01,1.97
4,1000,1.01,3.95
8,1000,1.01,7.95
16,1000,1.01,15.79
32,1000,1.02,31.26
64,1000,1.18,54.41
128,1000,1.23,103.97
256,1000,1.46,175.64
512,1000,1.53,333.61
1024,1000,1.69,606.05
2048,1000,2.35,872.11
4096,1000,3.21,1275.89
8192,1000,4.49,1825.44
16384,1000,6.31,2597.75
32768,1000,8.50,3856.62
65536,640,12.38,5291.77
131072,320,18.65,7026.64
262144,160,31.96,8202.22
524288,80,54.36,9644.17
1048576,40,98.44,10651.83
2097152,20,182.29,11504.43
4194304,10,353.28,11872.35
8388608,5,694.23,12083.36
16777216,2,1383.50,12126.63
33554432,1,2761.82,12149.40
67108864,1,5512.45,12174.05
134217728,1,11024.36,12174.65
268435456,1,22050.85,12173.47
#bytes,#repetitions,t[usec],Mbytes/sec
0,1000,1.00,0.00
1,1000,1.00,1.00
2,1000,1.00,1.99
4,1000,1.01,3.95
8,1000,1.00,7.98
16,1000,1.01,15.90
32,1000,1.02,31.33
64,1000,1.18,54.11
128,1000,1.24,103.58
256,1000,1.45,176.93
512,1000,1.53,334.64
1024,1000,1.68,608.02
2048,1000,2.37,865.11
4096,1000,3.21,1277.92
8192,1000,4.49,1822.65
16384,1000,6.29,2606.49
32768,1000,8.46,3871.46
65536,640,12.41,5281.78
131072,320,18.62,7037.50
262144,160,31.93,8210.32
524288,80,54.11,9688.86
1048576,40,97.00,10810.28
2097152,20,182.25,11506.89
4194304,10,352.71,11891.73
8388608,5,693.10,12103.10
16777216,2,1380.62,12151.90
33554432,1,2753.06,12188.07
67108864,1,5502.54,12195.98
134217728,1,11022.75,12176.42
268435456,1,22038.17,12180.48
#bytes,#repetitions,t[usec],Mbytes/sec
0,1000,1.00,0.00
1,1000,1.00,1.00
2,1000,1.01,1.99
4,1000,1.00,3.99
8,1000,1.00,7.97
16,1000,1.01,15.90
32,1000,1.02,31.37
64,1000,1.18,54.40
128,1000,1.23,103.84
256,1000,1.45,176.99
512,1000,1.53,334.36
1024,1000,1.68,607.75
2048,1000,2.36,869.40
4096,1000,3.21,1275.37
8192,1000,4.50,1822.05
16384,1000,6.30,2601.50
32768,1000,8.49,3859.50
65536,640,12.38,5293.15
131072,320,18.66,7025.92
262144,160,32.00,8192.46
524288,80,53.95,9717.56
1048576,40,96.92,10818.96
2097152,20,182.23,11508.49
4194304,10,352.84,11887.36
8388608,5,693.25,12100.40
16777216,2,1379.14,12164.98
33554432,1,2759.76,12158.46
67108864,1,5503.49,12193.88
134217728,1,11018.47,12181.15
268435456,1,22021.80,12189.53
