#bytes,#repetitions,t[usec],Mbytes/sec
0,1000,1.00,0.00
1,1000,0.99,1.01
2,1000,1.00,2.00
4,1000,1.00,3.98
8,1000,1.00,8.00
16,1000,1.00,15.96
32,1000,1.02,31.34
64,1000,1.18,54.40
128,1000,1.23,103.89
256,1000,2.49,102.62
512,1000,1.52,336.20
1024,1000,1.68,608.68
2048,1000,2.35,871.46
4096,1000,3.20,1280.25
8192,1000,4.49,1826.30
16384,1000,6.25,2619.80
32768,1000,8.43,3888.68
65536,640,12.34,5311.02
131072,320,18.58,7054.02
262144,160,31.98,8197.09
524288,80,54.29,9656.32
1048576,40,96.95,10815.43
2097152,20,186.01,11274.51
4194304,10,352.36,11903.46
8388608,5,694.00,12087.37
16777216,2,1379.60,12160.90
33554432,1,2758.57,12163.70
67108864,1,5520.05,12157.28
134217728,1,10999.59,12202.06
268435456,1,22050.84,12173.48
#bytes,#repetitions,t[usec],Mbytes/sec
0,1000,1.00,0.00
1,1000,1.00,1.00
2,1000,1.00,1.99
4,1000,1.00,3.99
8,1000,1.00,8.01
16,1000,1.00,15.95
32,1000,1.02,31.29
64,1000,1.19,53.74
128,1000,1.24,103.03
256,1000,1.46,175.03
512,1000,1.53,335.27
1024,1000,1.68,609.56
2048,1000,2.36,869.62
4096,1000,3.21,1275.48
8192,1000,4.50,1821.58
16384,1000,6.25,2621.69
32768,1000,8.44,3880.34
65536,640,12.38,5291.61
131072,320,18.59,7050.04
262144,160,31.99,8194.33
524288,80,54.27,9661.32
1048576,40,98.25,10672.93
2097152,20,182.20,11510.08
4194304,10,353.40,11868.46
8388608,5,692.96,12105.47
16777216,2,1381.29,12146.09
33554432,1,2758.58,12163.68
67108864,1,5501.29,12198.75
134217728,1,11005.86,12195.12
268435456,1,22055.18,12171.08
#bytes,#repetitions,t[usec],Mbytes/sec
0,1000,0.99,0.00
1,1000,1.00,1.00
2,1000,1.00,1.99
4,1000,1.01,3.97
8,1000,1.00,7.99
16,1000,1.00,15.95
32,1000,1.02,31.31
64,1000,1.18,54.03
128,1000,1.24,103.37
256,1000,1.47,174.49
512,1000,1.52,335.77
1024,1000,1.68,610.44
2048,1000,2.35,872.49
4096,1000,3.20,1278.70
8192,1000,4.49,1822.71
16384,1000,6.31,2595.96
32768,1000,8.47,3867.30
65536,640,12.37,5296.93
131072,320,18.62,7037.79
262144,160,31.94,8206.13
524288,80,54.05,9700.64
1048576,40,96.99,10811.71
2097152,20,182.25,11506.84
4194304,10,352.68,11892.68
8388608,5,693.22,12101.01
16777216,2,1380.90,12149.46
33554432,1,2757.99,12166.25
67108864,1,5510.28,12178.86
134217728,1,11010.11,12190.40
268435456,1,22059.31,12168.80
#bytes,#repetitions,t[usec],Mbytes/sec
0,1000,1.00,0.00
1,1000,1.00,1.01
2,1000,1.00,2.00
4,1000,1.00,3.99
8,1000,1.00,8.01
16,1000,1.00,15.97
32,1000,1.02,31.32
64,1000,1.19,53.65
128,1000,1.24,103.12
256,1000,1.45,176.33
512,1000,1.52,335.98
1024,1000,1.70,604.09
2048,1000,2.35,871.72
4096,1000,3.21,1274.57
8192,1000,4.50,1821.75
16384,1000,6.27,2614.00
32768,1000,8.45,3879.05
65536,640,12.37,5296.53
131072,320,18.66,7025.76
262144,160,32.01,8190.56
524288,80,54.07,9696.88
1048576,40,96.85,10826.80
2097152,20,182.08,11517.70
4194304,10,351.77,11923.37
8388608,5,694.39,12080.52
16777216,2,1381.47,12144.45
33554432,1,2758.09,12165.83
67108864,1,5514.54,12169.44
134217728,1,11003.00,12198.28
268435456,1,22047.20,12175.49
#bytes,#repetitions,t[usec],Mbytes/sec
0,1000,1.00,0.00
1,1000,1.00,1.00
2,1000,1.00,2.00
4,1000,1.00,3.99
8,1000,1.00,7.99
16,1000,1.00,15.96
32,1000,1.03,31.12
64,1000,1.18,54.03
128,1000,1.24,103.15
256,1000,1.46,175.12
512,1000,1.52,336.08
1024,1000,1.68,609.14
2048,1000,2.35,869.95
4096,1000,3.21,1275.56
8192,1000,4.50,1818.90
16384,1000,6.30,2598.58
32768,1000,8.47,3867.08
65536,640,12.39,5289.35
131072,320,18.65,7029.28
262144,160,31.98,8196.32
524288,80,56.53,9274.33
1048576,40,98.38,10658.54
2097152,20,182.10,11516.52
4194304,10,353.36,11869.63
8388608,5,692.94,12105.89
16777216,2,1381.94,12140.36
33554432,1,2755.21,12178.53
67108864,1,5509.47,12180.64
134217728,1,11005.59,12195.41
268435456,1,22048.71,12174.66
#bytes,#repetitions,t[usec],Mbytes/sec
0,1000,1.00,0.00
1,1000,1.00,1.00
2,1000,1.01,1.98
4,1000,1.01,3.95
8,1000,1.00,7.99
16,1000,1.00,15.97
32,1000,1.02,31.37
64,1000,1.19,53.66
128,1000,1.24,103.15
256,1000,1.45,176.76
512,1000,1.53,335.62
1024,1000,1.69,607.00
2048,1000,2.35,869.73
4096,1000,3.21,1275.40
8192,1000,4.49,1822.77
16384,1000,6.28,2609.10
32768,1000,8.47,3868.02
65536,640,12.38,5294.52
131072,320,18.67,7020.87
262144,160,31.94,8206.71
524288,80,57.27,9155.29
1048576,40,98.45,10650.34
2097152,20,182.43,11495.36
4194304,10,353.30,11871.89
8388608,5,693.06,12103.67
16777216,2,1383.69,12124.95
33554432,1,2759.58,12159.27
67108864,1,5514.03,12170.56
134217728,1,11009.86,12190.68
268435456,1,22054.23,12171.61
#bytes,#repetitions,t[usec],Mbytes/sec
0,1000,1.00,0.00
1,1000,1.00,1.00
2,1000,1.00,2.00
4,1000,1.00,4.00
8,1000,1.00,7.99
16,1000,1.00,15.95
32,1000,1.02,31.43
64,1000,1.18,54.05
128,1000,1.24,103.35
256,1000,1.46,174.76
512,1000,1.53,334.90
1024,1000,1.69,607.08
2048,1000,2.36,867.49
4096,1000,3.21,1274.87
8192,1000,4.50,1821.96
16384,1000,6.29,2606.03
32768,1000,8.46,3871.93
65536,640,12.39,5288.53
131072,320,18.63,7037.19
262144,160,32.08,8172.51
524288,80,54.21,9671.54
1048576,40,96.99,10810.93
2097152,20,182.18,11511.55
4194304,10,353.02,11881.25
8388608,5,693.11,12102.80
16777216,2,1381.35,12145.55
33554432,1,2753.56,12185.82
67108864,1,5499.89,12201.85
134217728,1,11018.90,12180.68
268435456,1,22029.49,12185.28
#bytes,#repetitions,t[usec],Mbytes/sec
0,1000,1.00,0.00
1,1000,1.00,1.00
2,1000,1.00,1.99
4,1000,1.00,3.99
8,1000,1.01,7.96
16,1000,1.01,15.86
32,1000,1.03,31.19
64,1000,1.19,53.82
128,1000,1.24,103.17
256,1000,1.46,175.68
512,1000,1.53,334.70
1024,1000,1.69,605.75
2048,1000,2.36,869.40
4096,1000,3.21,1277.42
8192,1000,4.51,1816.62
16384,1000,6.29,2602.93
32768,1000,8.46,3872.10
65536,640,12.39,5290.62
131072,320,18.69,7013.57
262144,160,31.99,8194.77
524288,80,54.00,9708.19
1048576,40,97.00,10809.84
2097152,20,182.31,11503.12
4194304,10,352.78,11889.37
8388608,5,693.66,12093.27
16777216,2,1379.64,12160.61
33554432,1,2762.52,12146.31
67108864,1,5520.48,12156.35
134217728,1,11008.39,12192.31
268435456,1,22055.42,12170.95
#bytes,#repetitions,t[usec],Mbytes/sec
0,1000,1.00,0.00
1,1000,1.00,1.00
2,1000,1.00,1.99
4,1000,1.01,3.97
8,1000,1.00,7.99
16,1000,1.00,15.94
32,1000,1.03,30.99
64,1000,1.19,53.72
128,1000,1.24,103.47
256,1000,1.47,173.71
512,1000,1.53,334.82
1024,1000,1.70,603.47
2048,1000,2.36,866.06
4096,1000,3.21,1274.98
8192,1000,4.50,1819.79
16384,1000,6.28,2607.10
32768,1000,8.47,3868.45
65536,640,12.38,5294.89
131072,320,18.62,7039.76
262144,160,31.99,8195.09
524288,80,54.26,9662.26
1048576,40,98.24,10673.83
2097152,20,182.18,11511.58
4194304,10,353.22,11874.32
8388608,5,694.09,12085.79
16777216,2,1380.28,12154.98
33554432,1,2754.96,12179.63
67108864,1,5515.97,12166.28
134217728,1,11008.22,12192.50
268435456,1,22066.46,12164.86
#bytes,#repetitions,t[usec],Mbytes/sec
0,1000,1.00,0.00
1,1000,1.00,1.00
2,1000,1.00,2.00
4,1000,1.01,3.97
8,1000,1.00,7.99
16,1000,1.01,15.92
32,1000,1.02,31.39
64,1000,1.19,53.59
128,1000,1.25,102.68
256,1000,1.45,176.46
512,1000,1.52,335.88
1024,1000,1.69,604.32
2048,1000,2.36,867.72
4096,1000,3.21,1276.74
8192,1000,4.50,1821.88
16384,1000,6.28,2608.56
32768,1000,8.45,3876.23
65536,640,12.37,5296.08
131072,320,18.62,7038.53
262144,160,31.92,8211.60
524288,80,54.24,9665.77
1048576,40,96.92,10818.48
2097152,20,182.29,11504.76
4194304,10,352.33,11904.49
8388608,5,694.46,12079.30
16777216,2,1380.57,12152.38
33554432,1,2760.26,12156.26
67108864,1,5510.50,12178.36
134217728,1,11001.80,12199.61
268435456,1,22055.41,12170.96
